[2026-04-12T18:59:24.184Z] worker-start fileId=Aq76NMhAn4xpCu0c4fof fileType=application/pdf
[2026-04-12T18:59:27.416Z] download-ok fileId=Aq76NMhAn4xpCu0c4fof bytes-start
[2026-04-12T19:09:11.285Z] worker-start fileId=hFBvckAEPy5WVlNXc2oq fileType=application/pdf
[2026-04-12T19:09:12.711Z] download-ok fileId=hFBvckAEPy5WVlNXc2oq bytes-start
[2026-04-12T19:09:32.690Z] python-exit fileId=hFBvckAEPy5WVlNXc2oq code=0
[2026-04-12T19:09:35.439Z] patch-available fileId=hFBvckAEPy5WVlNXc2oq textLen=14
[2026-04-12T19:09:35.445Z] worker-end fileId=hFBvckAEPy5WVlNXc2oq
[2026-04-12T19:34:18.087Z] worker-start fileId=bg1Chpd7SZNciq0wgY40 fileType=application/pdf
[2026-04-12T19:34:20.039Z] download-ok fileId=bg1Chpd7SZNciq0wgY40 bytes-start
[2026-04-12T19:34:40.961Z] python-exit fileId=bg1Chpd7SZNciq0wgY40 code=0
[2026-04-12T19:34:41.211Z] patch-available fileId=bg1Chpd7SZNciq0wgY40 textLen=14
[2026-04-12T19:34:41.223Z] worker-end fileId=bg1Chpd7SZNciq0wgY40
[2026-04-12T19:35:08.248Z] worker-start fileId=lgVxY4Z8khpx9Pa2xjTs fileType=application/pdf
[2026-04-12T19:35:08.800Z] download-ok fileId=lgVxY4Z8khpx9Pa2xjTs bytes-start
[2026-04-12T19:35:31.155Z] python-exit fileId=lgVxY4Z8khpx9Pa2xjTs code=0
[2026-04-12T19:35:31.648Z] patch-available fileId=lgVxY4Z8khpx9Pa2xjTs textLen=14
[2026-04-12T19:35:31.657Z] worker-end fileId=lgVxY4Z8khpx9Pa2xjTs
[2026-04-12T19:36:21.752Z] worker-start fileId=XOMFV7GTiefnmLMPvs5X fileType=application/pdf
[2026-04-12T19:36:23.074Z] download-ok fileId=XOMFV7GTiefnmLMPvs5X bytes-start
[2026-04-12T19:36:45.997Z] python-exit fileId=XOMFV7GTiefnmLMPvs5X code=0
[2026-04-12T19:36:46.399Z] patch-available fileId=XOMFV7GTiefnmLMPvs5X textLen=14
[2026-04-12T19:36:46.431Z] worker-end fileId=XOMFV7GTiefnmLMPvs5X
[2026-04-12T19:37:36.488Z] worker-start fileId=MtXgzeGbbRkbBQ1zySS2 fileType=application/pdf
[2026-04-12T19:37:36.975Z] download-ok fileId=MtXgzeGbbRkbBQ1zySS2 bytes-start
[2026-04-12T19:38:00.547Z] python-exit fileId=MtXgzeGbbRkbBQ1zySS2 code=0
[2026-04-12T19:38:00.789Z] patch-available fileId=MtXgzeGbbRkbBQ1zySS2 textLen=14
[2026-04-12T19:38:00.797Z] worker-end fileId=MtXgzeGbbRkbBQ1zySS2
